\BOOKMARK [0][-]{chapter.1}{1 Introduction}{}% 1
\BOOKMARK [0][-]{chapter.2}{2 Related Works}{}% 2
\BOOKMARK [1][-]{section.2.1}{2.1 Othello}{chapter.2}% 3
\BOOKMARK [1][-]{section.2.2}{2.2 Heuristic Player}{chapter.2}% 4
\BOOKMARK [1][-]{section.2.3}{2.3 Search based Algorithms}{chapter.2}% 5
\BOOKMARK [1][-]{section.2.4}{2.4 Machine Learning based Algorithms}{chapter.2}% 6
\BOOKMARK [1][-]{section.2.5}{2.5 Reinforcement Learning}{chapter.2}% 7
\BOOKMARK [2][-]{subsection.2.5.1}{2.5.1 Monte Carlo Learning}{section.2.5}% 8
\BOOKMARK [2][-]{subsection.2.5.2}{2.5.2 Temporal Difference Learning }{section.2.5}% 9
\BOOKMARK [2][-]{subsection.2.5.3}{2.5.3 Monte Carlo Tree Search}{section.2.5}% 10
\BOOKMARK [0][-]{chapter.3}{3 Thesis Objectives}{}% 11
\BOOKMARK [1][-]{section.3.1}{3.1 Framework}{chapter.3}% 12
\BOOKMARK [1][-]{section.3.2}{3.2 Othello Player}{chapter.3}% 13
\BOOKMARK [1][-]{section.3.3}{3.3 Optimization}{chapter.3}% 14
\BOOKMARK [0][-]{chapter.4}{4 Implementation}{}% 15
\BOOKMARK [1][-]{section.4.1}{4.1 Framework}{chapter.4}% 16
\BOOKMARK [1][-]{section.4.2}{4.2 Othello Player}{chapter.4}% 17
\BOOKMARK [2][-]{subsection.4.2.1}{4.2.1 HeuristicPlayer}{section.4.2}% 18
\BOOKMARK [2][-]{subsection.4.2.2}{4.2.2 ComputerPlayers}{section.4.2}% 19
\BOOKMARK [2][-]{subsection.4.2.3}{4.2.3 ReinforcementLearningPlayers}{section.4.2}% 20
\BOOKMARK [1][-]{section.4.3}{4.3 Optimization}{chapter.4}% 21
\BOOKMARK [0][-]{chapter.5}{5 Validation}{}% 22
\BOOKMARK [0][-]{chapter.6}{6 Conclusion}{}% 23
\BOOKMARK [0][-]{chapter.7}{7 Future Work}{}% 24
